#
# There is insufficient memory for the Java Runtime Environment to continue.
# Native memory allocation (mmap) failed to map 835584 bytes for G1 virtual space
# Possible reasons:
#   The system is out of physical RAM or swap space
#   The process is running with CompressedOops enabled, and the Java Heap may be blocking the growth of the native heap
# Possible solutions:
#   Reduce memory load on the system
#   Increase physical memory or swap space
#   Check if swap backing store is full
#   Decrease Java heap size (-Xmx/-Xms)
#   Decrease number of Java threads
#   Decrease Java thread stack sizes (-Xss)
#   Set larger code cache with -XX:ReservedCodeCacheSize=
#   JVM is running with Unscaled Compressed Oops mode in which the Java heap is
#     placed in the first 4GB address space. The Java Heap base address is the
#     maximum limit for the native heap growth. Please use -XX:HeapBaseMinAddress
#     to set the Java Heap base and to place the Java Heap above 4GB virtual address.
# This output file may be truncated or incomplete.
#
#  Out of Memory Error (os_windows.cpp:3532), pid=9360, tid=12376
#
# JRE version: OpenJDK Runtime Environment Temurin-17.0.2+8 (17.0.2+8) (build 17.0.2+8)
# Java VM: OpenJDK 64-Bit Server VM Temurin-17.0.2+8 (17.0.2+8, mixed mode, emulated-client, tiered, compressed oops, compressed class ptrs, g1 gc, windows-amd64)
# No core dump will be written. Minidumps are not enabled by default on client versions of Windows
#

---------------  S U M M A R Y ------------

Command Line: -Dcom.sun.management.jmxremote -Dcom.sun.management.jmxremote.port=58865 -Dcom.sun.management.jmxremote.authenticate=false -Dcom.sun.management.jmxremote.ssl=false -Djava.rmi.server.hostname=localhost -Dspring.jmx.enabled=true -Dspring.application.admin.enabled=true -XX:TieredStopAtLevel=1 -Dspring.boot.project.name=gestao-despesas -Dfile.encoding=UTF-8 -XX:+ShowCodeDetailsInExceptionMessages br.com.exactaworks.gestaodespesas.GestaoDespesasApplication --spring.output.ansi.enabled=always

Host: Intel(R) Core(TM) i5-2310 CPU @ 2.90GHz, 4 cores, 7G,  Windows 10 , 64 bit Build 19041 (10.0.19041.1889)
Time: Sat Sep 17 23:27:21 2022 Hora oficial do Brasil elapsed time: 8.690338 seconds (0d 0h 0m 8s)

---------------  T H R E A D  ---------------

Current thread (0x0000017bf01be790):  VMThread "VM Thread" [stack: 0x0000005bb1f00000,0x0000005bb2000000] [id=12376]

Stack: [0x0000005bb1f00000,0x0000005bb2000000]
Native frames: (J=compiled Java code, j=interpreted, Vv=VM code, C=native code)
V  [jvm.dll+0x67564a]
V  [jvm.dll+0x82fc04]
V  [jvm.dll+0x8313ae]
V  [jvm.dll+0x831a13]
V  [jvm.dll+0x245235]
V  [jvm.dll+0x672539]
V  [jvm.dll+0x666e82]
V  [jvm.dll+0x30401b]
V  [jvm.dll+0x30b566]
V  [jvm.dll+0x35b213]
V  [jvm.dll+0x35b42f]
V  [jvm.dll+0x2daf58]
V  [jvm.dll+0x2d920c]
V  [jvm.dll+0x2d87dc]
V  [jvm.dll+0x31c61b]
V  [jvm.dll+0x835ebb]
V  [jvm.dll+0x836bf4]
V  [jvm.dll+0x83710c]
V  [jvm.dll+0x8374e4]
V  [jvm.dll+0x8375b0]
V  [jvm.dll+0x7dff2a]
V  [jvm.dll+0x6744d5]
C  [ucrtbase.dll+0x21bb2]
C  [KERNEL32.DLL+0x17034]
C  [ntdll.dll+0x526a1]

VM_Operation (0x0000005bb45fda90): G1CollectForAllocation, mode: safepoint, requested by thread 0x0000017bf25c1fd0


---------------  P R O C E S S  ---------------

Threads class SMR info:
_java_thread_list=0x0000017bf547cf50, length=35, elements={
0x0000017be2c8e6e0, 0x0000017bf019efa0, 0x0000017bf019fae0, 0x0000017bf01fd3c0,
0x0000017bf01fdc80, 0x0000017bf01fece0, 0x0000017bf01ff5a0, 0x0000017bf0c095a0,
0x0000017bf0c0aac0, 0x0000017bf013f790, 0x0000017bf0cc6250, 0x0000017bf0dc9500,
0x0000017bf1347770, 0x0000017bf1349d30, 0x0000017bf1437230, 0x0000017bf171c0e0,
0x0000017bf17140c0, 0x0000017bf174ba10, 0x0000017bf1736f70, 0x0000017bf1750aa0,
0x0000017bf25c1160, 0x0000017bf25c24a0, 0x0000017bf25c0c90, 0x0000017bf25c2970,
0x0000017bf25bf950, 0x0000017bf25c2e40, 0x0000017bf25c07c0, 0x0000017bf25c3310,
0x0000017bf25c1b00, 0x0000017bf25c02f0, 0x0000017bf25bfe20, 0x0000017bf25c1630,
0x0000017bf25c1fd0, 0x0000017bf56af610, 0x0000017bf56b0480
}

Java Threads: ( => current thread )
  0x0000017be2c8e6e0 JavaThread "main" [_thread_blocked, id=2268, stack(0x0000005bb1900000,0x0000005bb1a00000)]
  0x0000017bf019efa0 JavaThread "Reference Handler" daemon [_thread_blocked, id=10016, stack(0x0000005bb2000000,0x0000005bb2100000)]
  0x0000017bf019fae0 JavaThread "Finalizer" daemon [_thread_blocked, id=7208, stack(0x0000005bb2100000,0x0000005bb2200000)]
  0x0000017bf01fd3c0 JavaThread "Signal Dispatcher" daemon [_thread_blocked, id=11556, stack(0x0000005bb2200000,0x0000005bb2300000)]
  0x0000017bf01fdc80 JavaThread "Attach Listener" daemon [_thread_blocked, id=8892, stack(0x0000005bb2300000,0x0000005bb2400000)]
  0x0000017bf01fece0 JavaThread "Service Thread" daemon [_thread_blocked, id=9380, stack(0x0000005bb2400000,0x0000005bb2500000)]
  0x0000017bf01ff5a0 JavaThread "Monitor Deflation Thread" daemon [_thread_blocked, id=3412, stack(0x0000005bb2500000,0x0000005bb2600000)]
  0x0000017bf0c095a0 JavaThread "C1 CompilerThread0" daemon [_thread_blocked, id=13024, stack(0x0000005bb2600000,0x0000005bb2700000)]
  0x0000017bf0c0aac0 JavaThread "Sweeper thread" daemon [_thread_blocked, id=6096, stack(0x0000005bb2700000,0x0000005bb2800000)]
  0x0000017bf013f790 JavaThread "Common-Cleaner" daemon [_thread_blocked, id=11636, stack(0x0000005bb2800000,0x0000005bb2900000)]
  0x0000017bf0cc6250 JavaThread "C1 CompilerThread1" daemon [_thread_blocked, id=13300, stack(0x0000005bb2900000,0x0000005bb2a00000)]
  0x0000017bf0dc9500 JavaThread "Notification Thread" daemon [_thread_blocked, id=11424, stack(0x0000005bb2a00000,0x0000005bb2b00000)]
  0x0000017bf1347770 JavaThread "RMI TCP Accept-0" daemon [_thread_in_native, id=13624, stack(0x0000005bb2b00000,0x0000005bb2c00000)]
  0x0000017bf1349d30 JavaThread "RMI TCP Accept-58865" daemon [_thread_in_native, id=14200, stack(0x0000005bb2c00000,0x0000005bb2d00000)]
  0x0000017bf1437230 JavaThread "RMI TCP Accept-0" daemon [_thread_in_native, id=14236, stack(0x0000005bb2d00000,0x0000005bb2e00000)]
  0x0000017bf171c0e0 JavaThread "C1 CompilerThread2" daemon [_thread_blocked, id=9364, stack(0x0000005bb3400000,0x0000005bb3500000)]
  0x0000017bf17140c0 JavaThread "RMI TCP Connection(1)-127.0.0.1" daemon [_thread_in_native, id=13888, stack(0x0000005bb3500000,0x0000005bb3600000)]
  0x0000017bf174ba10 JavaThread "RMI Scheduler(0)" daemon [_thread_blocked, id=1548, stack(0x0000005bb3600000,0x0000005bb3700000)]
  0x0000017bf1736f70 JavaThread "RMI TCP Connection(2)-127.0.0.1" daemon [_thread_blocked, id=4728, stack(0x0000005bb3700000,0x0000005bb3800000)]
  0x0000017bf1750aa0 JavaThread "JMX server connection timeout 21" daemon [_thread_blocked, id=12328, stack(0x0000005bb3800000,0x0000005bb3900000)]
  0x0000017bf25c1160 JavaThread "Thread-0" [_thread_blocked, id=3332, stack(0x0000005bb3900000,0x0000005bb3a00000)]
  0x0000017bf25c24a0 JavaThread "restartedMain" [_thread_blocked, id=1096, stack(0x0000005bb3a00000,0x0000005bb3b00000)]
  0x0000017bf25c0c90 JavaThread "HikariPool-1 housekeeper" daemon [_thread_blocked, id=1336, stack(0x0000005bb3b00000,0x0000005bb3c00000)]
  0x0000017bf25c2970 JavaThread "Catalina-utility-1" [_thread_blocked, id=14040, stack(0x0000005bb3c00000,0x0000005bb3d00000)]
  0x0000017bf25bf950 JavaThread "Catalina-utility-2" [_thread_blocked, id=6468, stack(0x0000005bb3d00000,0x0000005bb3e00000)]
  0x0000017bf25c2e40 JavaThread "container-0" [_thread_blocked, id=5712, stack(0x0000005bb3e00000,0x0000005bb3f00000)]
  0x0000017bf25c07c0 JavaThread "HikariPool-1 connection adder" daemon [_thread_blocked, id=2272, stack(0x0000005bb3f00000,0x0000005bb4000000)]
  0x0000017bf25c3310 JavaThread "ClassGraph-worker-32" daemon [_thread_blocked, id=9692, stack(0x0000005bb4000000,0x0000005bb4100000)]
  0x0000017bf25c1b00 JavaThread "ClassGraph-worker-33" daemon [_thread_blocked, id=12908, stack(0x0000005bb4100000,0x0000005bb4200000)]
  0x0000017bf25c02f0 JavaThread "ClassGraph-worker-34" daemon [_thread_blocked, id=13632, stack(0x0000005bb4200000,0x0000005bb4300000)]
  0x0000017bf25bfe20 JavaThread "ClassGraph-worker-35" daemon [_thread_blocked, id=6452, stack(0x0000005bb4300000,0x0000005bb4400000)]
  0x0000017bf25c1630 JavaThread "ClassGraph-worker-36" daemon [_thread_blocked, id=8840, stack(0x0000005bb4400000,0x0000005bb4500000)]
  0x0000017bf25c1fd0 JavaThread "ClassGraph-worker-37" daemon [_thread_blocked, id=13752, stack(0x0000005bb4500000,0x0000005bb4600000)]
  0x0000017bf56af610 JavaThread "ClassGraph-worker-38" daemon [_thread_blocked, id=11280, stack(0x0000005bb4600000,0x0000005bb4700000)]
  0x0000017bf56b0480 JavaThread "ClassGraph-worker-39" daemon [_thread_blocked, id=13992, stack(0x0000005bb4700000,0x0000005bb4800000)]

Other Threads:
=>0x0000017bf01be790 VMThread "VM Thread" [stack: 0x0000005bb1f00000,0x0000005bb2000000] [id=12376]
  0x0000017be2c8f340 WatcherThread [stack: 0x0000005bb2e00000,0x0000005bb2f00000] [id=13432]
  0x0000017be2cd08b0 GCTaskThread "GC Thread#0" [stack: 0x0000005bb1a00000,0x0000005bb1b00000] [id=9100]
  0x0000017bf143c300 GCTaskThread "GC Thread#1" [stack: 0x0000005bb2f00000,0x0000005bb3000000] [id=3004]
  0x0000017bf1466810 GCTaskThread "GC Thread#2" [stack: 0x0000005bb3000000,0x0000005bb3100000] [id=8976]
  0x0000017bf1443640 GCTaskThread "GC Thread#3" [stack: 0x0000005bb3100000,0x0000005bb3200000] [id=12316]
  0x0000017be2ce1c00 ConcurrentGCThread "G1 Main Marker" [stack: 0x0000005bb1b00000,0x0000005bb1c00000] [id=14160]
  0x0000017be2ce23c0 ConcurrentGCThread "G1 Conc#0" [stack: 0x0000005bb1c00000,0x0000005bb1d00000] [id=9432]
  0x0000017be2d577d0 ConcurrentGCThread "G1 Refine#0" [stack: 0x0000005bb1d00000,0x0000005bb1e00000] [id=13188]
  0x0000017bf1441e20 ConcurrentGCThread "G1 Refine#1" [stack: 0x0000005bb3200000,0x0000005bb3300000] [id=2436]
  0x0000017bf1442100 ConcurrentGCThread "G1 Refine#2" [stack: 0x0000005bb3300000,0x0000005bb3400000] [id=12356]
  0x0000017be2d57fa0 ConcurrentGCThread "G1 Service" [stack: 0x0000005bb1e00000,0x0000005bb1f00000] [id=1252]

Threads with active compile tasks:

VM state: at safepoint (normal execution)

VM Mutex/Monitor currently owned by a thread:  ([mutex/lock_event])
[0x0000017be2c8a2d0] Threads_lock - owner thread: 0x0000017bf01be790
[0x0000017be2c8aab0] Heap_lock - owner thread: 0x0000017bf25c1fd0

Heap address: 0x0000000080a00000, size: 2038 MB, Compressed Oops mode: 32-bit

CDS archive(s) not mapped
Compressed class space mapped at: 0x0000000100000000-0x0000000140000000, reserved size: 1073741824
Narrow klass base: 0x0000000000000000, Narrow klass shift: 3, Narrow klass range: 0x140000000

GC Precious Log:
 CPUs: 4 total, 4 available
 Memory: 8150M
 Large Page Support: Disabled
 NUMA Support: Disabled
 Compressed Oops: Enabled (32-bit)
 Heap Region Size: 1M
 Heap Min Capacity: 8M
 Heap Initial Capacity: 128M
 Heap Max Capacity: 2038M
 Pre-touch: Disabled
 Parallel Workers: 4
 Concurrent Workers: 1
 Concurrent Refinement Workers: 4
 Periodic GC: Disabled

Heap:
 garbage-first heap   total 78848K, used 48576K [0x0000000080a00000, 0x0000000100000000)
  region size 1024K, 2 young (2048K), 2 survivors (2048K)
 Metaspace       used 65066K, committed 65600K, reserved 1105920K
  class space    used 8830K, committed 9088K, reserved 1048576K

Heap Regions: E=young(eden), S=young(survivor), O=old, HS=humongous(starts), HC=humongous(continues), CS=collection set, F=free, OA=open archive, CA=closed archive, TAMS=top-at-mark-start (previous, next)
|   0|0x0000000080a00000, 0x0000000080b00000, 0x0000000080b00000|100%|HS|  |TAMS 0x0000000080b00000, 0x0000000080b00000| Complete 
|   1|0x0000000080b00000, 0x0000000080c00000, 0x0000000080c00000|100%| O|  |TAMS 0x0000000080c00000, 0x0000000080c00000| Untracked 
|   2|0x0000000080c00000, 0x0000000080d00000, 0x0000000080d00000|100%| O|  |TAMS 0x0000000080d00000, 0x0000000080d00000| Untracked 
|   3|0x0000000080d00000, 0x0000000080e00000, 0x0000000080e00000|100%| O|  |TAMS 0x0000000080e00000, 0x0000000080e00000| Untracked 
|   4|0x0000000080e00000, 0x0000000080f00000, 0x0000000080f00000|100%| O|  |TAMS 0x0000000080f00000, 0x0000000080f00000| Untracked 
|   5|0x0000000080f00000, 0x0000000081000000, 0x0000000081000000|100%| O|  |TAMS 0x0000000081000000, 0x0000000081000000| Untracked 
|   6|0x0000000081000000, 0x00000000810e2200, 0x0000000081100000| 88%| O|  |TAMS 0x00000000810e2200, 0x00000000810e2200| Untracked 
|   7|0x0000000081100000, 0x0000000081200000, 0x0000000081200000|100%| O|  |TAMS 0x0000000081200000, 0x0000000081200000| Untracked 
|   8|0x0000000081200000, 0x0000000081300000, 0x0000000081300000|100%| O|  |TAMS 0x0000000081300000, 0x0000000081300000| Untracked 
|   9|0x0000000081300000, 0x0000000081400000, 0x0000000081400000|100%| O|  |TAMS 0x0000000081400000, 0x0000000081400000| Untracked 
|  10|0x0000000081400000, 0x0000000081500000, 0x0000000081500000|100%| O|  |TAMS 0x0000000081500000, 0x0000000081500000| Untracked 
|  11|0x0000000081500000, 0x0000000081600000, 0x0000000081600000|100%| O|  |TAMS 0x0000000081600000, 0x0000000081600000| Untracked 
|  12|0x0000000081600000, 0x0000000081700000, 0x0000000081700000|100%| O|  |TAMS 0x0000000081700000, 0x0000000081700000| Untracked 
|  13|0x0000000081700000, 0x0000000081800000, 0x0000000081800000|100%| O|  |TAMS 0x0000000081800000, 0x0000000081800000| Untracked 
|  14|0x0000000081800000, 0x0000000081900000, 0x0000000081900000|100%| O|  |TAMS 0x0000000081900000, 0x0000000081900000| Untracked 
|  15|0x0000000081900000, 0x0000000081a00000, 0x0000000081a00000|100%| O|  |TAMS 0x0000000081a00000, 0x0000000081a00000| Untracked 
|  16|0x0000000081a00000, 0x0000000081b00000, 0x0000000081b00000|100%| O|  |TAMS 0x0000000081b00000, 0x0000000081b00000| Untracked 
|  17|0x0000000081b00000, 0x0000000081c00000, 0x0000000081c00000|100%| O|  |TAMS 0x0000000081c00000, 0x0000000081c00000| Untracked 
|  18|0x0000000081c00000, 0x0000000081d00000, 0x0000000081d00000|100%| O|  |TAMS 0x0000000081d00000, 0x0000000081d00000| Untracked 
|  19|0x0000000081d00000, 0x0000000081e00000, 0x0000000081e00000|100%| O|  |TAMS 0x0000000081e00000, 0x0000000081e00000| Untracked 
|  20|0x0000000081e00000, 0x0000000081f00000, 0x0000000081f00000|100%| O|  |TAMS 0x0000000081f00000, 0x0000000081f00000| Untracked 
|  21|0x0000000081f00000, 0x0000000082000000, 0x0000000082000000|100%| O|  |TAMS 0x0000000082000000, 0x0000000082000000| Untracked 
|  22|0x0000000082000000, 0x0000000082100000, 0x0000000082100000|100%| O|  |TAMS 0x0000000082100000, 0x0000000082100000| Untracked 
|  23|0x0000000082100000, 0x0000000082200000, 0x0000000082200000|100%| O|  |TAMS 0x0000000082100000, 0x0000000082200000| Untracked 
|  24|0x0000000082200000, 0x0000000082300000, 0x0000000082300000|100%| O|  |TAMS 0x0000000082300000, 0x0000000082300000| Untracked 
|  25|0x0000000082300000, 0x0000000082400000, 0x0000000082400000|100%| O|  |TAMS 0x0000000082400000, 0x0000000082400000| Untracked 
|  26|0x0000000082400000, 0x0000000082500000, 0x0000000082500000|100%| O|  |TAMS 0x0000000082500000, 0x0000000082500000| Untracked 
|  27|0x0000000082500000, 0x0000000082600000, 0x0000000082600000|100%| O|  |TAMS 0x0000000082600000, 0x0000000082600000| Untracked 
|  28|0x0000000082600000, 0x0000000082700000, 0x0000000082700000|100%| O|  |TAMS 0x0000000082700000, 0x0000000082700000| Untracked 
|  29|0x0000000082700000, 0x0000000082800000, 0x0000000082800000|100%| O|  |TAMS 0x0000000082800000, 0x0000000082800000| Untracked 
|  30|0x0000000082800000, 0x0000000082900000, 0x0000000082900000|100%| O|  |TAMS 0x0000000082900000, 0x0000000082900000| Untracked 
|  31|0x0000000082900000, 0x0000000082a00000, 0x0000000082a00000|100%| O|  |TAMS 0x0000000082a00000, 0x0000000082a00000| Untracked 
|  32|0x0000000082a00000, 0x0000000082b00000, 0x0000000082b00000|100%| O|  |TAMS 0x0000000082a00000, 0x0000000082b00000| Untracked 
|  33|0x0000000082b00000, 0x0000000082b8de00, 0x0000000082c00000| 55%| O|  |TAMS 0x0000000082b00000, 0x0000000082b00000| Untracked 
|  34|0x0000000082c00000, 0x0000000082c00000, 0x0000000082d00000|  0%| F|  |TAMS 0x0000000082c00000, 0x0000000082c00000| Untracked 
|  35|0x0000000082d00000, 0x0000000082e00000, 0x0000000082e00000|100%| O|  |TAMS 0x0000000082d90c00, 0x0000000082e00000| Untracked 
|  36|0x0000000082e00000, 0x0000000082f00000, 0x0000000082f00000|100%| O|  |TAMS 0x0000000082e00000, 0x0000000082f00000| Untracked 
|  37|0x0000000082f00000, 0x0000000083000000, 0x0000000083000000|100%| O|  |TAMS 0x0000000082f00000, 0x0000000083000000| Untracked 
|  38|0x0000000083000000, 0x0000000083100000, 0x0000000083100000|100%| O|  |TAMS 0x0000000083000000, 0x0000000083100000| Untracked 
|  39|0x0000000083100000, 0x0000000083200000, 0x0000000083200000|100%| O|  |TAMS 0x0000000083100000, 0x0000000083200000| Untracked 
|  40|0x0000000083200000, 0x0000000083300000, 0x0000000083300000|100%| O|  |TAMS 0x0000000083200000, 0x0000000083300000| Untracked 
|  41|0x0000000083300000, 0x0000000083400000, 0x0000000083400000|100%| O|  |TAMS 0x0000000083300000, 0x0000000083400000| Untracked 
|  42|0x0000000083400000, 0x0000000083500000, 0x0000000083500000|100%| O|  |TAMS 0x0000000083400000, 0x0000000083500000| Untracked 
|  43|0x0000000083500000, 0x0000000083600000, 0x0000000083600000|100%| O|  |TAMS 0x0000000083500000, 0x0000000083600000| Untracked 
|  44|0x0000000083600000, 0x0000000083700000, 0x0000000083700000|100%| O|  |TAMS 0x0000000083600000, 0x0000000083700000| Untracked 
|  45|0x0000000083700000, 0x0000000083800000, 0x0000000083800000|100%| O|  |TAMS 0x0000000083700000, 0x0000000083800000| Untracked 
|  46|0x0000000083800000, 0x0000000083900000, 0x0000000083900000|100%| O|  |TAMS 0x0000000083800000, 0x0000000083834200| Untracked 
|  47|0x0000000083900000, 0x0000000083900000, 0x0000000083a00000|  0%| F|  |TAMS 0x0000000083900000, 0x0000000083900000| Untracked 
|  48|0x0000000083a00000, 0x0000000083a00000, 0x0000000083b00000|  0%| F|  |TAMS 0x0000000083a00000, 0x0000000083a00000| Untracked 
|  49|0x0000000083b00000, 0x0000000083b00000, 0x0000000083c00000|  0%| F|  |TAMS 0x0000000083b00000, 0x0000000083b00000| Untracked 
|  50|0x0000000083c00000, 0x0000000083c00000, 0x0000000083d00000|  0%| F|  |TAMS 0x0000000083c00000, 0x0000000083c00000| Untracked 
|  51|0x0000000083d00000, 0x0000000083d00000, 0x0000000083e00000|  0%| F|  |TAMS 0x0000000083d00000, 0x0000000083d00000| Untracked 
|  52|0x0000000083e00000, 0x0000000083e00000, 0x0000000083f00000|  0%| F|  |TAMS 0x0000000083e00000, 0x0000000083e00000| Untracked 
|  53|0x0000000083f00000, 0x0000000083f00000, 0x0000000084000000|  0%| F|  |TAMS 0x0000000083f00000, 0x0000000083f00000| Untracked 
|  54|0x0000000084000000, 0x0000000084000000, 0x0000000084100000|  0%| F|  |TAMS 0x0000000084000000, 0x0000000084000000| Untracked 
|  55|0x0000000084100000, 0x0000000084100000, 0x0000000084200000|  0%| F|  |TAMS 0x0000000084100000, 0x0000000084100000| Untracked 
|  56|0x0000000084200000, 0x0000000084200000, 0x0000000084300000|  0%| F|  |TAMS 0x0000000084200000, 0x0000000084200000| Untracked 
|  57|0x0000000084300000, 0x0000000084300000, 0x0000000084400000|  0%| F|  |TAMS 0x0000000084300000, 0x0000000084300000| Untracked 
|  58|0x0000000084400000, 0x0000000084400000, 0x0000000084500000|  0%| F|  |TAMS 0x0000000084400000, 0x0000000084400000| Untracked 
|  59|0x0000000084500000, 0x0000000084500000, 0x0000000084600000|  0%| F|  |TAMS 0x0000000084500000, 0x0000000084500000| Untracked 
|  60|0x0000000084600000, 0x0000000084600000, 0x0000000084700000|  0%| F|  |TAMS 0x0000000084600000, 0x0000000084600000| Untracked 
|  61|0x0000000084700000, 0x0000000084800000, 0x0000000084800000|100%| S|CS|TAMS 0x0000000084700000, 0x0000000084700000| Complete 
|  62|0x0000000084800000, 0x0000000084900000, 0x0000000084900000|100%| S|CS|TAMS 0x0000000084800000, 0x0000000084800000| Complete 
|  63|0x0000000084900000, 0x0000000084900000, 0x0000000084a00000|  0%| F|  |TAMS 0x0000000084900000, 0x0000000084900000| Untracked 
|  64|0x0000000084a00000, 0x0000000084a00000, 0x0000000084b00000|  0%| F|  |TAMS 0x0000000084a00000, 0x0000000084a00000| Untracked 
|  65|0x0000000084b00000, 0x0000000084b00000, 0x0000000084c00000|  0%| F|  |TAMS 0x0000000084b00000, 0x0000000084b00000| Untracked 
|  66|0x0000000084c00000, 0x0000000084c00000, 0x0000000084d00000|  0%| F|  |TAMS 0x0000000084c00000, 0x0000000084c00000| Untracked 
|  67|0x0000000084d00000, 0x0000000084d00000, 0x0000000084e00000|  0%| F|  |TAMS 0x0000000084d00000, 0x0000000084d00000| Untracked 
|  68|0x0000000084e00000, 0x0000000084e00000, 0x0000000084f00000|  0%| F|  |TAMS 0x0000000084e00000, 0x0000000084e00000| Untracked 
|  69|0x0000000084f00000, 0x0000000084f00000, 0x0000000085000000|  0%| F|  |TAMS 0x0000000084f00000, 0x0000000084f00000| Untracked 
|  70|0x0000000085000000, 0x0000000085000000, 0x0000000085100000|  0%| F|  |TAMS 0x0000000085000000, 0x0000000085000000| Untracked 
|  71|0x0000000085100000, 0x0000000085100000, 0x0000000085200000|  0%| F|  |TAMS 0x0000000085100000, 0x0000000085100000| Untracked 
|  72|0x0000000085200000, 0x0000000085200000, 0x0000000085300000|  0%| F|  |TAMS 0x0000000085200000, 0x0000000085200000| Untracked 
|  73|0x0000000085300000, 0x0000000085300000, 0x0000000085400000|  0%| F|  |TAMS 0x0000000085300000, 0x0000000085300000| Untracked 
|  74|0x0000000085400000, 0x0000000085400000, 0x0000000085500000|  0%| F|  |TAMS 0x0000000085400000, 0x0000000085400000| Untracked 
|  75|0x0000000085500000, 0x0000000085500000, 0x0000000085600000|  0%| F|  |TAMS 0x0000000085500000, 0x0000000085500000| Untracked 
| 127|0x0000000088900000, 0x0000000088900000, 0x0000000088a00000|  0%| F|  |TAMS 0x0000000088900000, 0x0000000088900000| Untracked 

Card table byte_map: [0x0000017be9740000,0x0000017be9b40000] _byte_map_base: 0x0000017be933b000

Marking Bits (Prev, Next): (CMBitMap*) 0x0000017be2cd0c70, (CMBitMap*) 0x0000017be2cd0cb0
 Prev Bits: [0x0000017be9f40000, 0x0000017bebf18000)
 Next Bits: [0x0000017bebf20000, 0x0000017bedef8000)

Polling page: 0x0000017be0c30000

Metaspace:

Usage:
  Non-class:     54.92 MB used.
      Class:      8.62 MB used.
       Both:     63.54 MB used.

Virtual space:
  Non-class space:       56.00 MB reserved,      55.19 MB ( 99%) committed,  7 nodes.
      Class space:        1.00 GB reserved,       8.88 MB ( <1%) committed,  1 nodes.
             Both:        1.05 GB reserved,      64.06 MB (  6%) committed. 

Chunk freelists:
   Non-Class:  820.00 KB
       Class:  3.19 MB
        Both:  3.99 MB

MaxMetaspaceSize: unlimited
CompressedClassSpaceSize: 1.00 GB
Initial GC threshold: 21.00 MB
Current GC threshold: 106.81 MB
CDS: off
MetaspaceReclaimPolicy: balanced
 - commit_granule_bytes: 65536.
 - commit_granule_words: 8192.
 - virtual_space_node_default_size: 1048576.
 - enlarge_chunks_in_place: 1.
 - new_chunks_are_fully_committed: 0.
 - uncommit_free_chunks: 1.
 - use_allocation_guard: 0.
 - handle_deallocations: 1.


Internal statistics:

num_allocs_failed_limit: 9.
num_arena_births: 564.
num_arena_deaths: 4.
num_vsnodes_births: 8.
num_vsnodes_deaths: 0.
num_space_committed: 1025.
num_space_uncommitted: 0.
num_chunks_returned_to_freelist: 15.
num_chunks_taken_from_freelist: 2644.
num_chunk_merges: 9.
num_chunk_splits: 1867.
num_chunks_enlarged: 1445.
num_purges: 2.
num_inconsistent_stats: 0.

CodeCache: size=49152Kb used=10604Kb max_used=10604Kb free=38547Kb
 bounds [0x0000017be6340000, 0x0000017be6da0000, 0x0000017be9340000]
 total_blobs=5728 nmethods=5123 adapters=530
 compilation: enabled
              stopped_count=0, restarted_count=0
 full_count=0

Compilation events (20 events):
Event: 8.646 Thread 0x0000017bf0cc6250 nmethod 5111 0x0000017be6d91a10 code [0x0000017be6d91bc0, 0x0000017be6d91d78]
Event: 8.646 Thread 0x0000017bf171c0e0 nmethod 5113 0x0000017be6d91f90 code [0x0000017be6d92240, 0x0000017be6d92df8]
Event: 8.646 Thread 0x0000017bf0c095a0 5115       1       java.io.RandomAccessFile::<init> (8 bytes)
Event: 8.646 Thread 0x0000017bf0cc6250 5116       1       java.io.RandomAccessFile::<init> (262 bytes)
Event: 8.646 Thread 0x0000017bf0c095a0 nmethod 5115 0x0000017be6d93390 code [0x0000017be6d93520, 0x0000017be6d93608]
Event: 8.647 Thread 0x0000017bf171c0e0 5117       1       java.io.RandomAccessFile::open (7 bytes)
Event: 8.647 Thread 0x0000017bf171c0e0 nmethod 5117 0x0000017be6d93690 code [0x0000017be6d93820, 0x0000017be6d93908]
Event: 8.647 Thread 0x0000017bf0cc6250 nmethod 5116 0x0000017be6d93d90 code [0x0000017be6d94040, 0x0000017be6d94a08]
Event: 8.655 Thread 0x0000017bf0cc6250 5119       1       java.util.concurrent.ConcurrentLinkedQueue::add (6 bytes)
Event: 8.656 Thread 0x0000017bf0cc6250 nmethod 5119 0x0000017be6d94f10 code [0x0000017be6d950a0, 0x0000017be6d95188]
Event: 8.656 Thread 0x0000017bf0cc6250 5120       1       java.util.concurrent.ConcurrentLinkedQueue::offer (120 bytes)
Event: 8.656 Thread 0x0000017bf0c095a0 5121       1       java.util.concurrent.ConcurrentLinkedQueue$Node::<init> (13 bytes)
Event: 8.656 Thread 0x0000017bf0c095a0 nmethod 5121 0x0000017be6d95210 code [0x0000017be6d953e0, 0x0000017be6d95718]
Event: 8.657 Thread 0x0000017bf0cc6250 nmethod 5120 0x0000017be6d95890 code [0x0000017be6d95ae0, 0x0000017be6d96398]
Event: 8.666 Thread 0x0000017bf0cc6250 5122   !   1       sun.nio.fs.WindowsLinkSupport::getRealPath (500 bytes)
Event: 8.670 Thread 0x0000017bf0cc6250 nmethod 5122 0x0000017be6d96790 code [0x0000017be6d96c80, 0x0000017be6d984d8]
Event: 8.681 Thread 0x0000017bf0cc6250 5123   !   1       sun.nio.fs.WindowsFileSystemProvider::checkAccess (298 bytes)
Event: 8.682 Thread 0x0000017bf171c0e0 5124   !   1       sun.nio.fs.WindowsFileSystemProvider::checkReadAccess (70 bytes)
Event: 8.682 Thread 0x0000017bf171c0e0 nmethod 5124 0x0000017be6d99890 code [0x0000017be6d99aa0, 0x0000017be6d99e48]
Event: 8.683 Thread 0x0000017bf0cc6250 nmethod 5123 0x0000017be6d9a190 code [0x0000017be6d9a440, 0x0000017be6d9ace8]

GC Heap History (20 events):
Event: 5.701 GC heap after
{Heap after GC invocations=14 (full 0):
 garbage-first heap   total 58368K, used 21249K [0x0000000080a00000, 0x0000000100000000)
  region size 1024K, 4 young (4096K), 4 survivors (4096K)
 Metaspace       used 52247K, committed 52608K, reserved 1097728K
  class space    used 6940K, committed 7104K, reserved 1048576K
}
Event: 6.430 GC heap before
{Heap before GC invocations=14 (full 0):
 garbage-first heap   total 58368K, used 44801K [0x0000000080a00000, 0x0000000100000000)
  region size 1024K, 27 young (27648K), 4 survivors (4096K)
 Metaspace       used 57926K, committed 58304K, reserved 1105920K
  class space    used 7844K, committed 8000K, reserved 1048576K
}
Event: 6.435 GC heap after
{Heap after GC invocations=15 (full 0):
 garbage-first heap   total 58368K, used 22214K [0x0000000080a00000, 0x0000000100000000)
  region size 1024K, 3 young (3072K), 3 survivors (3072K)
 Metaspace       used 57926K, committed 58304K, reserved 1105920K
  class space    used 7844K, committed 8000K, reserved 1048576K
}
Event: 6.739 GC heap before
{Heap before GC invocations=15 (full 0):
 garbage-first heap   total 58368K, used 32454K [0x0000000080a00000, 0x0000000100000000)
  region size 1024K, 14 young (14336K), 3 survivors (3072K)
 Metaspace       used 60091K, committed 60416K, reserved 1105920K
  class space    used 8095K, committed 8256K, reserved 1048576K
}
Event: 6.743 GC heap after
{Heap after GC invocations=16 (full 0):
 garbage-first heap   total 58368K, used 23473K [0x0000000080a00000, 0x0000000100000000)
  region size 1024K, 3 young (3072K), 3 survivors (3072K)
 Metaspace       used 60091K, committed 60416K, reserved 1105920K
  class space    used 8095K, committed 8256K, reserved 1048576K
}
Event: 7.169 GC heap before
{Heap before GC invocations=17 (full 0):
 garbage-first heap   total 58368K, used 46001K [0x0000000080a00000, 0x0000000100000000)
  region size 1024K, 25 young (25600K), 3 survivors (3072K)
 Metaspace       used 61376K, committed 61888K, reserved 1105920K
  class space    used 8335K, committed 8576K, reserved 1048576K
}
Event: 7.175 GC heap after
{Heap after GC invocations=18 (full 0):
 garbage-first heap   total 58368K, used 24777K [0x0000000080a00000, 0x0000000100000000)
  region size 1024K, 4 young (4096K), 4 survivors (4096K)
 Metaspace       used 61376K, committed 61888K, reserved 1105920K
  class space    used 8335K, committed 8576K, reserved 1048576K
}
Event: 7.922 GC heap before
{Heap before GC invocations=18 (full 0):
 garbage-first heap   total 58368K, used 46281K [0x0000000080a00000, 0x0000000100000000)
  region size 1024K, 25 young (25600K), 4 survivors (4096K)
 Metaspace       used 64508K, committed 64960K, reserved 1105920K
  class space    used 8761K, committed 8960K, reserved 1048576K
}
Event: 7.929 GC heap after
{Heap after GC invocations=19 (full 0):
 garbage-first heap   total 70656K, used 26669K [0x0000000080a00000, 0x0000000100000000)
  region size 1024K, 4 young (4096K), 4 survivors (4096K)
 Metaspace       used 64508K, committed 64960K, reserved 1105920K
  class space    used 8761K, committed 8960K, reserved 1048576K
}
Event: 8.184 GC heap before
{Heap before GC invocations=19 (full 0):
 garbage-first heap   total 70656K, used 56365K [0x0000000080a00000, 0x0000000100000000)
  region size 1024K, 32 young (32768K), 4 survivors (4096K)
 Metaspace       used 64982K, committed 65472K, reserved 1105920K
  class space    used 8819K, committed 9024K, reserved 1048576K
}
Event: 8.194 GC heap after
{Heap after GC invocations=20 (full 0):
 garbage-first heap   total 70656K, used 32149K [0x0000000080a00000, 0x0000000100000000)
  region size 1024K, 4 young (4096K), 4 survivors (4096K)
 Metaspace       used 64982K, committed 65472K, reserved 1105920K
  class space    used 8819K, committed 9024K, reserved 1048576K
}
Event: 8.385 GC heap before
{Heap before GC invocations=20 (full 0):
 garbage-first heap   total 70656K, used 54677K [0x0000000080a00000, 0x0000000100000000)
  region size 1024K, 26 young (26624K), 4 survivors (4096K)
 Metaspace       used 65073K, committed 65600K, reserved 1105920K
  class space    used 8831K, committed 9088K, reserved 1048576K
}
Event: 8.398 GC heap after
{Heap after GC invocations=21 (full 0):
 garbage-first heap   total 70656K, used 39371K [0x0000000080a00000, 0x0000000100000000)
  region size 1024K, 4 young (4096K), 4 survivors (4096K)
 Metaspace       used 65073K, committed 65600K, reserved 1105920K
  class space    used 8831K, committed 9088K, reserved 1048576K
}
Event: 8.472 GC heap before
{Heap before GC invocations=21 (full 0):
 garbage-first heap   total 70656K, used 53707K [0x0000000080a00000, 0x0000000100000000)
  region size 1024K, 19 young (19456K), 4 survivors (4096K)
 Metaspace       used 65073K, committed 65600K, reserved 1105920K
  class space    used 8831K, committed 9088K, reserved 1048576K
}
Event: 8.480 GC heap after
{Heap after GC invocations=22 (full 0):
 garbage-first heap   total 70656K, used 44186K [0x0000000080a00000, 0x0000000100000000)
  region size 1024K, 3 young (3072K), 3 survivors (3072K)
 Metaspace       used 65073K, committed 65600K, reserved 1105920K
  class space    used 8831K, committed 9088K, reserved 1048576K
}
Event: 8.630 GC heap before
{Heap before GC invocations=23 (full 0):
 garbage-first heap   total 78848K, used 54426K [0x0000000080a00000, 0x0000000100000000)
  region size 1024K, 14 young (14336K), 3 survivors (3072K)
 Metaspace       used 65066K, committed 65600K, reserved 1105920K
  class space    used 8830K, committed 9088K, reserved 1048576K
}
Event: 8.636 GC heap after
{Heap after GC invocations=24 (full 0):
 garbage-first heap   total 78848K, used 46502K [0x0000000080a00000, 0x0000000100000000)
  region size 1024K, 2 young (2048K), 2 survivors (2048K)
 Metaspace       used 65066K, committed 65600K, reserved 1105920K
  class space    used 8830K, committed 9088K, reserved 1048576K
}
Event: 8.638 GC heap before
{Heap before GC invocations=24 (full 0):
 garbage-first heap   total 78848K, used 47526K [0x0000000080a00000, 0x0000000100000000)
  region size 1024K, 3 young (3072K), 2 survivors (2048K)
 Metaspace       used 65066K, committed 65600K, reserved 1105920K
  class space    used 8830K, committed 9088K, reserved 1048576K
}
Event: 8.642 GC heap after
{Heap after GC invocations=25 (full 0):
 garbage-first heap   total 78848K, used 45781K [0x0000000080a00000, 0x0000000100000000)
  region size 1024K, 1 young (1024K), 1 survivors (1024K)
 Metaspace       used 65066K, committed 65600K, reserved 1105920K
  class space    used 8830K, committed 9088K, reserved 1048576K
}
Event: 8.683 GC heap before
{Heap before GC invocations=25 (full 0):
 garbage-first heap   total 78848K, used 59093K [0x0000000080a00000, 0x0000000100000000)
  region size 1024K, 14 young (14336K), 1 survivors (1024K)
 Metaspace       used 65066K, committed 65600K, reserved 1105920K
  class space    used 8830K, committed 9088K, reserved 1048576K
}

Deoptimization events (18 events):
Event: 0.972 Thread 0x0000017be2c8e6e0 DEOPT PACKING pc=0x0000017be6571b75 sp=0x0000005bb19fd9f0
Event: 0.972 Thread 0x0000017be2c8e6e0 DEOPT UNPACKING pc=0x0000017be6392b43 sp=0x0000005bb19fce48 mode 3
Event: 1.818 Thread 0x0000017bf25c24a0 DEOPT PACKING pc=0x0000017be686de19 sp=0x0000005bb3afc7d0
Event: 1.818 Thread 0x0000017bf25c24a0 DEOPT UNPACKING pc=0x0000017be6392b43 sp=0x0000005bb3afbcb0 mode 3
Event: 3.184 Thread 0x0000017bf25c24a0 DEOPT PACKING pc=0x0000017be6887d14 sp=0x0000005bb3afcc90
Event: 3.184 Thread 0x0000017bf25c24a0 DEOPT UNPACKING pc=0x0000017be6392b43 sp=0x0000005bb3afc1e8 mode 0
Event: 3.465 Thread 0x0000017bf25c24a0 DEOPT PACKING pc=0x0000017be6a8f5f5 sp=0x0000005bb3afd450
Event: 3.465 Thread 0x0000017bf25c24a0 DEOPT UNPACKING pc=0x0000017be6392b43 sp=0x0000005bb3afc8c0 mode 3
Event: 4.018 Thread 0x0000017bf25c24a0 DEOPT PACKING pc=0x0000017be6b1b1fd sp=0x0000005bb3afc790
Event: 4.018 Thread 0x0000017bf25c24a0 DEOPT UNPACKING pc=0x0000017be6392b43 sp=0x0000005bb3afbcf8 mode 3
Event: 4.342 Thread 0x0000017bf25c24a0 DEOPT PACKING pc=0x0000017be68e2005 sp=0x0000005bb3afadd0
Event: 4.342 Thread 0x0000017bf25c24a0 DEOPT UNPACKING pc=0x0000017be6392b43 sp=0x0000005bb3afa318 mode 3
Event: 7.013 Thread 0x0000017bf25c24a0 DEOPT PACKING pc=0x0000017be6c64699 sp=0x0000005bb3afb9f0
Event: 7.013 Thread 0x0000017bf25c24a0 DEOPT UNPACKING pc=0x0000017be6392b43 sp=0x0000005bb3afaed0 mode 3
Event: 7.035 Thread 0x0000017bf25c24a0 DEOPT PACKING pc=0x0000017be6856f52 sp=0x0000005bb3afd2b0
Event: 7.035 Thread 0x0000017bf25c24a0 DEOPT UNPACKING pc=0x0000017be6392b43 sp=0x0000005bb3afc7b8 mode 3
Event: 8.005 Thread 0x0000017bf25c24a0 DEOPT PACKING pc=0x0000017be6ce392b sp=0x0000005bb3afc4b0
Event: 8.005 Thread 0x0000017bf25c24a0 DEOPT UNPACKING pc=0x0000017be6392b43 sp=0x0000005bb3afb9f8 mode 3

Classes unloaded (2 events):
Event: 8.553 Thread 0x0000017bf01be790 Unloading class 0x0000000100844c00 'jdk/internal/reflect/GeneratedSerializationConstructorAccessor19'
Event: 8.553 Thread 0x0000017bf01be790 Unloading class 0x0000000100844000 'jdk/internal/reflect/GeneratedSerializationConstructorAccessor18'

Classes redefined (0 events):
No events

Internal exceptions (20 events):
Event: 8.592 Thread 0x0000017bf25c1b00 Exception <a 'sun/nio/fs/WindowsException'{0x0000000084cd5388}> (0x0000000084cd5388) 
thrown [e:\jenkins\tmp\workspace\build\src\src\hotspot\share\prims\jni.cpp, line 516]
Event: 8.592 Thread 0x0000017bf25c1b00 Exception <a 'sun/nio/fs/WindowsException'{0x0000000084cd56f8}> (0x0000000084cd56f8) 
thrown [e:\jenkins\tmp\workspace\build\src\src\hotspot\share\prims\jni.cpp, line 516]
Event: 8.592 Thread 0x0000017bf25c1b00 Exception <a 'sun/nio/fs/WindowsException'{0x0000000084cd60d0}> (0x0000000084cd60d0) 
thrown [e:\jenkins\tmp\workspace\build\src\src\hotspot\share\prims\jni.cpp, line 516]
Event: 8.592 Thread 0x0000017bf25c1b00 Exception <a 'sun/nio/fs/WindowsException'{0x0000000084cd6478}> (0x0000000084cd6478) 
thrown [e:\jenkins\tmp\workspace\build\src\src\hotspot\share\prims\jni.cpp, line 516]
Event: 8.593 Thread 0x0000017bf25c1b00 Exception <a 'sun/nio/fs/WindowsException'{0x0000000084cd6e28}> (0x0000000084cd6e28) 
thrown [e:\jenkins\tmp\workspace\build\src\src\hotspot\share\prims\jni.cpp, line 516]
Event: 8.593 Thread 0x0000017bf25c1b00 Exception <a 'sun/nio/fs/WindowsException'{0x0000000084cd71a0}> (0x0000000084cd71a0) 
thrown [e:\jenkins\tmp\workspace\build\src\src\hotspot\share\prims\jni.cpp, line 516]
Event: 8.593 Thread 0x0000017bf25c1b00 Exception <a 'sun/nio/fs/WindowsException'{0x0000000084cf99b8}> (0x0000000084cf99b8) 
thrown [e:\jenkins\tmp\workspace\build\src\src\hotspot\share\prims\jni.cpp, line 516]
Event: 8.593 Thread 0x0000017bf25c1b00 Exception <a 'sun/nio/fs/WindowsException'{0x0000000084cf9cf8}> (0x0000000084cf9cf8) 
thrown [e:\jenkins\tmp\workspace\build\src\src\hotspot\share\prims\jni.cpp, line 516]
Event: 8.593 Thread 0x0000017bf25c1b00 Exception <a 'sun/nio/fs/WindowsException'{0x0000000084cfa690}> (0x0000000084cfa690) 
thrown [e:\jenkins\tmp\workspace\build\src\src\hotspot\share\prims\jni.cpp, line 516]
Event: 8.593 Thread 0x0000017bf25c1b00 Exception <a 'sun/nio/fs/WindowsException'{0x0000000084cfa9e8}> (0x0000000084cfa9e8) 
thrown [e:\jenkins\tmp\workspace\build\src\src\hotspot\share\prims\jni.cpp, line 516]
Event: 8.593 Thread 0x0000017bf25c1b00 Exception <a 'sun/nio/fs/WindowsException'{0x0000000084cfb370}> (0x0000000084cfb370) 
thrown [e:\jenkins\tmp\workspace\build\src\src\hotspot\share\prims\jni.cpp, line 516]
Event: 8.594 Thread 0x0000017bf25c1b00 Exception <a 'sun/nio/fs/WindowsException'{0x0000000084cfb6b8}> (0x0000000084cfb6b8) 
thrown [e:\jenkins\tmp\workspace\build\src\src\hotspot\share\prims\jni.cpp, line 516]
Event: 8.594 Thread 0x0000017bf25c1b00 Exception <a 'sun/nio/fs/WindowsException'{0x0000000084cfc050}> (0x0000000084cfc050) 
thrown [e:\jenkins\tmp\workspace\build\src\src\hotspot\share\prims\jni.cpp, line 516]
Event: 8.594 Thread 0x0000017bf25c1b00 Exception <a 'sun/nio/fs/WindowsException'{0x0000000084cfc3a8}> (0x0000000084cfc3a8) 
thrown [e:\jenkins\tmp\workspace\build\src\src\hotspot\share\prims\jni.cpp, line 516]
Event: 8.594 Thread 0x0000017bf25c1b00 Exception <a 'sun/nio/fs/WindowsException'{0x0000000084cfcd58}> (0x0000000084cfcd58) 
thrown [e:\jenkins\tmp\workspace\build\src\src\hotspot\share\prims\jni.cpp, line 516]
Event: 8.594 Thread 0x0000017bf25c1b00 Exception <a 'sun/nio/fs/WindowsException'{0x0000000084cfd0d0}> (0x0000000084cfd0d0) 
thrown [e:\jenkins\tmp\workspace\build\src\src\hotspot\share\prims\jni.cpp, line 516]
Event: 8.594 Thread 0x0000017bf25c1b00 Exception <a 'sun/nio/fs/WindowsException'{0x0000000084cfda98}> (0x0000000084cfda98) 
thrown [e:\jenkins\tmp\workspace\build\src\src\hotspot\share\prims\jni.cpp, line 516]
Event: 8.595 Thread 0x0000017bf25c1b00 Exception <a 'sun/nio/fs/WindowsException'{0x0000000084cfde28}> (0x0000000084cfde28) 
thrown [e:\jenkins\tmp\workspace\build\src\src\hotspot\share\prims\jni.cpp, line 516]
Event: 8.595 Thread 0x0000017bf25c1b00 Exception <a 'sun/nio/fs/WindowsException'{0x0000000084cfe7e8}> (0x0000000084cfe7e8) 
thrown [e:\jenkins\tmp\workspace\build\src\src\hotspot\share\prims\jni.cpp, line 516]
Event: 8.595 Thread 0x0000017bf25c1b00 Exception <a 'sun/nio/fs/WindowsException'{0x0000000084cfeb70}> (0x0000000084cfeb70) 
thrown [e:\jenkins\tmp\workspace\build\src\src\hotspot\share\prims\jni.cpp, line 516]

VM Operations (20 events):
Event: 8.661 Executing VM operation: ICBufferFull done
Event: 8.663 Executing VM operation: ICBufferFull
Event: 8.663 Executing VM operation: ICBufferFull done
Event: 8.665 Executing VM operation: ICBufferFull
Event: 8.665 Executing VM operation: ICBufferFull done
Event: 8.667 Executing VM operation: ICBufferFull
Event: 8.667 Executing VM operation: ICBufferFull done
Event: 8.670 Executing VM operation: ICBufferFull
Event: 8.670 Executing VM operation: ICBufferFull done
Event: 8.673 Executing VM operation: ICBufferFull
Event: 8.673 Executing VM operation: ICBufferFull done
Event: 8.674 Executing VM operation: ICBufferFull
Event: 8.675 Executing VM operation: ICBufferFull done
Event: 8.676 Executing VM operation: ICBufferFull
Event: 8.676 Executing VM operation: ICBufferFull done
Event: 8.680 Executing VM operation: ICBufferFull
Event: 8.680 Executing VM operation: ICBufferFull done
Event: 8.680 Executing VM operation: ICBufferFull
Event: 8.683 Executing VM operation: ICBufferFull done
Event: 8.683 Executing VM operation: G1CollectForAllocation

Events (20 events):
Event: 8.496 Thread 0x0000017bf25c02f0 Thread added: 0x0000017bf25c02f0
Event: 8.496 Thread 0x0000017bf25c1b00 Thread added: 0x0000017bf25c1b00
Event: 8.496 Thread 0x0000017bf56b0950 Thread added: 0x0000017bf56b0950
Event: 8.497 Thread 0x0000017bf56b34a0 Thread added: 0x0000017bf56b34a0
Event: 8.501 Thread 0x0000017bf25c02f0 Thread exited: 0x0000017bf25c02f0
Event: 8.501 Thread 0x0000017bf25c1fd0 Thread exited: 0x0000017bf25c1fd0
Event: 8.501 Thread 0x0000017bf25c1b00 Thread exited: 0x0000017bf25c1b00
Event: 8.501 Thread 0x0000017bf25c3310 Thread exited: 0x0000017bf25c3310
Event: 8.501 Thread 0x0000017bf25bfe20 Thread exited: 0x0000017bf25bfe20
Event: 8.501 Thread 0x0000017bf56b0950 Thread exited: 0x0000017bf56b0950
Event: 8.501 Thread 0x0000017bf56b34a0 Thread exited: 0x0000017bf56b34a0
Event: 8.502 Thread 0x0000017bf25c1630 Thread exited: 0x0000017bf25c1630
Event: 8.585 Thread 0x0000017bf25c3310 Thread added: 0x0000017bf25c3310
Event: 8.587 Thread 0x0000017bf25c1b00 Thread added: 0x0000017bf25c1b00
Event: 8.588 Thread 0x0000017bf25c02f0 Thread added: 0x0000017bf25c02f0
Event: 8.589 Thread 0x0000017bf25bfe20 Thread added: 0x0000017bf25bfe20
Event: 8.589 Thread 0x0000017bf25c1630 Thread added: 0x0000017bf25c1630
Event: 8.590 Thread 0x0000017bf25c1fd0 Thread added: 0x0000017bf25c1fd0
Event: 8.590 Thread 0x0000017bf56af610 Thread added: 0x0000017bf56af610
Event: 8.590 Thread 0x0000017bf56b0480 Thread added: 0x0000017bf56b0480


Dynamic libraries:
0x00007ff74c9f0000 - 0x00007ff74c9fe000 	C:\spring-tool-suite-4-4.14.1\contents\sts-4.14.1.RELEASE\plugins\org.eclipse.justj.openjdk.hotspot.jre.full.win32.x86_64_17.0.2.v20220201-1208\jre\bin\javaw.exe
0x00007ffe14510000 - 0x00007ffe14708000 	C:\Windows\SYSTEM32\ntdll.dll
0x00007ffe137b0000 - 0x00007ffe1386d000 	C:\Windows\System32\KERNEL32.DLL
0x00007ffe12110000 - 0x00007ffe123de000 	C:\Windows\System32\KERNELBASE.dll
0x00007ffe11d80000 - 0x00007ffe11e80000 	C:\Windows\System32\ucrtbase.dll
0x00007ffe0ced0000 - 0x00007ffe0cee9000 	C:\spring-tool-suite-4-4.14.1\contents\sts-4.14.1.RELEASE\plugins\org.eclipse.justj.openjdk.hotspot.jre.full.win32.x86_64_17.0.2.v20220201-1208\jre\bin\VCRUNTIME140.dll
0x00007ffe0cdf0000 - 0x00007ffe0ce08000 	C:\spring-tool-suite-4-4.14.1\contents\sts-4.14.1.RELEASE\plugins\org.eclipse.justj.openjdk.hotspot.jre.full.win32.x86_64_17.0.2.v20220201-1208\jre\bin\jli.dll
0x00007ffe13870000 - 0x00007ffe13a10000 	C:\Windows\System32\USER32.dll
0x00007ffe120e0000 - 0x00007ffe12102000 	C:\Windows\System32\win32u.dll
0x00007ffdffab0000 - 0x00007ffdffd4a000 	C:\Windows\WinSxS\amd64_microsoft.windows.common-controls_6595b64144ccf1df_6.0.19041.1110_none_60b5254171f9507e\COMCTL32.dll
0x00007ffe12f20000 - 0x00007ffe12fbe000 	C:\Windows\System32\msvcrt.dll
0x00007ffe143c0000 - 0x00007ffe143ea000 	C:\Windows\System32\GDI32.dll
0x00007ffe11fd0000 - 0x00007ffe120db000 	C:\Windows\System32\gdi32full.dll
0x00007ffe11e80000 - 0x00007ffe11f1d000 	C:\Windows\System32\msvcp_win.dll
0x00007ffe12610000 - 0x00007ffe12640000 	C:\Windows\System32\IMM32.DLL
0x00007ffe0cec0000 - 0x00007ffe0cecc000 	C:\spring-tool-suite-4-4.14.1\contents\sts-4.14.1.RELEASE\plugins\org.eclipse.justj.openjdk.hotspot.jre.full.win32.x86_64_17.0.2.v20220201-1208\jre\bin\vcruntime140_1.dll
0x00007ffdf41f0000 - 0x00007ffdf4281000 	C:\spring-tool-suite-4-4.14.1\contents\sts-4.14.1.RELEASE\plugins\org.eclipse.justj.openjdk.hotspot.jre.full.win32.x86_64_17.0.2.v20220201-1208\jre\bin\msvcp140.dll
0x00007ffda7f60000 - 0x00007ffda8ba7000 	C:\spring-tool-suite-4-4.14.1\contents\sts-4.14.1.RELEASE\plugins\org.eclipse.justj.openjdk.hotspot.jre.full.win32.x86_64_17.0.2.v20220201-1208\jre\bin\server\jvm.dll
0x00007ffe14310000 - 0x00007ffe143be000 	C:\Windows\System32\ADVAPI32.dll
0x00007ffe12cc0000 - 0x00007ffe12d5c000 	C:\Windows\System32\sechost.dll
0x00007ffe130f0000 - 0x00007ffe13215000 	C:\Windows\System32\RPCRT4.dll
0x00007ffe12c30000 - 0x00007ffe12c38000 	C:\Windows\System32\PSAPI.DLL
0x00007ffe03a00000 - 0x00007ffe03a09000 	C:\Windows\SYSTEM32\WSOCK32.dll
0x00007ffe126a0000 - 0x00007ffe1270b000 	C:\Windows\System32\WS2_32.dll
0x00007ffe0c170000 - 0x00007ffe0c17a000 	C:\Windows\SYSTEM32\VERSION.dll
0x00007ffe05bd0000 - 0x00007ffe05bf7000 	C:\Windows\SYSTEM32\WINMM.dll
0x00007ffe0fb00000 - 0x00007ffe0fb12000 	C:\Windows\SYSTEM32\kernel.appcore.dll
0x00007ffe0ce50000 - 0x00007ffe0ce5a000 	C:\spring-tool-suite-4-4.14.1\contents\sts-4.14.1.RELEASE\plugins\org.eclipse.justj.openjdk.hotspot.jre.full.win32.x86_64_17.0.2.v20220201-1208\jre\bin\jimage.dll
0x00007ffe0b600000 - 0x00007ffe0b7e4000 	C:\Windows\SYSTEM32\DBGHELP.DLL
0x00007ffe0b220000 - 0x00007ffe0b24c000 	C:\Windows\SYSTEM32\dbgcore.DLL
0x00007ffe11c30000 - 0x00007ffe11cb2000 	C:\Windows\System32\bcryptPrimitives.dll
0x00007ffe0ce10000 - 0x00007ffe0ce35000 	C:\spring-tool-suite-4-4.14.1\contents\sts-4.14.1.RELEASE\plugins\org.eclipse.justj.openjdk.hotspot.jre.full.win32.x86_64_17.0.2.v20220201-1208\jre\bin\java.dll
0x00007ffe0cbf0000 - 0x00007ffe0cc08000 	C:\spring-tool-suite-4-4.14.1\contents\sts-4.14.1.RELEASE\plugins\org.eclipse.justj.openjdk.hotspot.jre.full.win32.x86_64_17.0.2.v20220201-1208\jre\bin\zip.dll
0x00007ffe13bc0000 - 0x00007ffe14303000 	C:\Windows\System32\SHELL32.dll
0x00007ffe0fd00000 - 0x00007ffe10495000 	C:\Windows\SYSTEM32\windows.storage.dll
0x00007ffe127c0000 - 0x00007ffe12b14000 	C:\Windows\System32\combase.dll
0x00007ffe115b0000 - 0x00007ffe115e0000 	C:\Windows\SYSTEM32\Wldp.dll
0x00007ffe12b80000 - 0x00007ffe12c2d000 	C:\Windows\System32\SHCORE.dll
0x00007ffe12640000 - 0x00007ffe12695000 	C:\Windows\System32\shlwapi.dll
0x00007ffe11b70000 - 0x00007ffe11b8f000 	C:\Windows\SYSTEM32\profapi.dll
0x00007ffe0cbd0000 - 0x00007ffe0cbe9000 	C:\spring-tool-suite-4-4.14.1\contents\sts-4.14.1.RELEASE\plugins\org.eclipse.justj.openjdk.hotspot.jre.full.win32.x86_64_17.0.2.v20220201-1208\jre\bin\net.dll
0x00007ffe0a570000 - 0x00007ffe0a67a000 	C:\Windows\SYSTEM32\WINHTTP.dll
0x00007ffe11320000 - 0x00007ffe1138a000 	C:\Windows\system32\mswsock.dll
0x00007ffe0cbb0000 - 0x00007ffe0cbc5000 	C:\spring-tool-suite-4-4.14.1\contents\sts-4.14.1.RELEASE\plugins\org.eclipse.justj.openjdk.hotspot.jre.full.win32.x86_64_17.0.2.v20220201-1208\jre\bin\nio.dll
0x00007ffe01a20000 - 0x00007ffe01a29000 	C:\spring-tool-suite-4-4.14.1\contents\sts-4.14.1.RELEASE\plugins\org.eclipse.justj.openjdk.hotspot.jre.full.win32.x86_64_17.0.2.v20220201-1208\jre\bin\management.dll
0x00007ffe01a10000 - 0x00007ffe01a1b000 	C:\spring-tool-suite-4-4.14.1\contents\sts-4.14.1.RELEASE\plugins\org.eclipse.justj.openjdk.hotspot.jre.full.win32.x86_64_17.0.2.v20220201-1208\jre\bin\management_ext.dll
0x00007ffdebc60000 - 0x00007ffdebc77000 	C:\Windows\system32\napinsp.dll
0x00007ffdebbf0000 - 0x00007ffdebc0b000 	C:\Windows\system32\pnrpnsp.dll
0x00007ffdebbd0000 - 0x00007ffdebbe5000 	C:\Windows\system32\wshbth.dll
0x00007ffe0caa0000 - 0x00007ffe0cabd000 	C:\Windows\system32\NLAapi.dll
0x00007ffe10fd0000 - 0x00007ffe1100b000 	C:\Windows\SYSTEM32\IPHLPAPI.DLL
0x00007ffe11010000 - 0x00007ffe110da000 	C:\Windows\SYSTEM32\DNSAPI.dll
0x00007ffe12570000 - 0x00007ffe12578000 	C:\Windows\System32\NSI.dll
0x00007ffdebb90000 - 0x00007ffdebba2000 	C:\Windows\System32\winrnr.dll
0x00007ffe08dd0000 - 0x00007ffe08dda000 	C:\Windows\System32\rasadhlp.dll
0x00007ffe098b0000 - 0x00007ffe09930000 	C:\Windows\System32\fwpuclnt.dll
0x00007ffe12540000 - 0x00007ffe12567000 	C:\Windows\System32\bcrypt.dll
0x00007ffe11910000 - 0x00007ffe11928000 	C:\Windows\SYSTEM32\CRYPTSP.dll
0x00007ffe10c60000 - 0x00007ffe10c94000 	C:\Windows\system32\rsaenh.dll
0x00007ffe11b30000 - 0x00007ffe11b5e000 	C:\Windows\SYSTEM32\USERENV.dll
0x00007ffe114b0000 - 0x00007ffe114bc000 	C:\Windows\SYSTEM32\CRYPTBASE.dll
0x00007ffe0c600000 - 0x00007ffe0c617000 	C:\Windows\SYSTEM32\dhcpcsvc6.DLL
0x00007ffe0c490000 - 0x00007ffe0c4ad000 	C:\Windows\SYSTEM32\dhcpcsvc.DLL
0x00007ffe0af10000 - 0x00007ffe0af20000 	C:\spring-tool-suite-4-4.14.1\contents\sts-4.14.1.RELEASE\plugins\org.eclipse.justj.openjdk.hotspot.jre.full.win32.x86_64_17.0.2.v20220201-1208\jre\bin\verify.dll
0x00007ffe02c30000 - 0x00007ffe02c3e000 	C:\spring-tool-suite-4-4.14.1\contents\sts-4.14.1.RELEASE\plugins\org.eclipse.justj.openjdk.hotspot.jre.full.win32.x86_64_17.0.2.v20220201-1208\jre\bin\sunmscapi.dll
0x00007ffe123e0000 - 0x00007ffe12536000 	C:\Windows\System32\CRYPT32.dll
0x00007ffe11620000 - 0x00007ffe11647000 	C:\Windows\SYSTEM32\ncrypt.dll
0x00007ffe115e0000 - 0x00007ffe1161b000 	C:\Windows\SYSTEM32\NTASN1.dll

dbghelp: loaded successfully - version: 4.0.5 - missing functions: none
symbol engine: initialized successfully - sym options: 0x614 - pdb path: .;C:\spring-tool-suite-4-4.14.1\contents\sts-4.14.1.RELEASE\plugins\org.eclipse.justj.openjdk.hotspot.jre.full.win32.x86_64_17.0.2.v20220201-1208\jre\bin;C:\Windows\SYSTEM32;C:\Windows\WinSxS\amd64_microsoft.windows.common-controls_6595b64144ccf1df_6.0.19041.1110_none_60b5254171f9507e;C:\spring-tool-suite-4-4.14.1\contents\sts-4.14.1.RELEASE\plugins\org.eclipse.justj.openjdk.hotspot.jre.full.win32.x86_64_17.0.2.v20220201-1208\jre\bin\server

VM Arguments:
jvm_args: -Dcom.sun.management.jmxremote -Dcom.sun.management.jmxremote.port=58865 -Dcom.sun.management.jmxremote.authenticate=false -Dcom.sun.management.jmxremote.ssl=false -Djava.rmi.server.hostname=localhost -Dspring.jmx.enabled=true -Dspring.application.admin.enabled=true -XX:TieredStopAtLevel=1 -Dspring.boot.project.name=gestao-despesas -Dfile.encoding=UTF-8 -XX:+ShowCodeDetailsInExceptionMessages 
java_command: br.com.exactaworks.gestaodespesas.GestaoDespesasApplication --spring.output.ansi.enabled=always
java_class_path (initial): C:\workspace\Teste Exactaworks\gestao-despesas-teste\gestao-despesas\target\classes;C:\Users\danil\.m2\repository\org\springframework\boot\spring-boot-starter-data-jpa\2.7.3\spring-boot-starter-data-jpa-2.7.3.jar;C:\Users\danil\.m2\repository\org\springframework\boot\spring-boot-starter-aop\2.7.3\spring-boot-starter-aop-2.7.3.jar;C:\Users\danil\.m2\repository\org\springframework\spring-aop\5.3.22\spring-aop-5.3.22.jar;C:\Users\danil\.m2\repository\org\aspectj\aspectjweaver\1.9.7\aspectjweaver-1.9.7.jar;C:\Users\danil\.m2\repository\org\springframework\boot\spring-boot-starter-jdbc\2.7.3\spring-boot-starter-jdbc-2.7.3.jar;C:\Users\danil\.m2\repository\com\zaxxer\HikariCP\4.0.3\HikariCP-4.0.3.jar;C:\Users\danil\.m2\repository\org\springframework\spring-jdbc\5.3.22\spring-jdbc-5.3.22.jar;C:\Users\danil\.m2\repository\jakarta\transaction\jakarta.transaction-api\1.3.3\jakarta.transaction-api-1.3.3.jar;C:\Users\danil\.m2\repository\jakarta\persistence\jakarta.persistence-api\2.2.3\jakarta.persistence-api-2.2.3.jar;C:\Users\danil\.m2\repository\org\hibernate\hibernate-core\5.6.10.Final\hibernate-core-5.6.10.Final.jar;C:\Users\danil\.m2\repository\org\jboss\logging\jboss-logging\3.4.3.Final\jboss-logging-3.4.3.Final.jar;C:\Users\danil\.m2\repository\net\bytebuddy\byte-buddy\1.12.13\byte-buddy-1.12.13.jar;C:\Users\danil\.m2\repository\antlr\antlr\2.7.7\antlr-2.7.7.jar;C:\Users\danil\.m2\repository\org\jboss\jandex\2.4.2.Final\jandex-2.4.2.Final.jar;C:\Users\danil\.m2\repository\com\fasterxml\classmate\1.5.1\classmate-1.5.1.jar;C:\Users\danil\.m2\repository\org\hibernate\common\hibernate-commons-annotations\5.1.2.Final\hibernate-commons-annotations-5.1.2.Final.jar;C:\Users\danil\.m2\repository\org\glassfish\jaxb\jaxb-runtime\2.3.6\jaxb-runtime-2.3.6.jar;C:\Users\danil\.m2\repository\org\glassfish\jaxb\txw2\2.3.6\txw2-2.3.6.jar;C:\Users\danil\.m2\repository\com\sun\istack\istack-commons-runtime\3.0.12\istack-commons-runtime-3.0.12.jar;C:\Users\dani
Launcher Type: SUN_STANDARD

[Global flags]
     intx CICompilerCount                          = 3                                         {product} {ergonomic}
     uint ConcGCThreads                            = 1                                         {product} {ergonomic}
     uint G1ConcRefinementThreads                  = 4                                         {product} {ergonomic}
   size_t G1HeapRegionSize                         = 1048576                                   {product} {ergonomic}
    uintx GCDrainStackTargetSize                   = 64                                        {product} {ergonomic}
   size_t InitialHeapSize                          = 134217728                                 {product} {ergonomic}
     bool ManagementServer                         = true                                      {product} {command line}
   size_t MarkStackSize                            = 4194304                                   {product} {ergonomic}
   size_t MaxHeapSize                              = 2136997888                                {product} {ergonomic}
   size_t MaxNewSize                               = 1281359872                                {product} {ergonomic}
   size_t MinHeapDeltaBytes                        = 1048576                                   {product} {ergonomic}
   size_t MinHeapSize                              = 8388608                                   {product} {ergonomic}
    uintx NonProfiledCodeHeapSize                  = 0                                      {pd product} {ergonomic}
     bool ProfileInterpreter                       = false                                  {pd product} {command line}
    uintx ProfiledCodeHeapSize                     = 0                                      {pd product} {ergonomic}
     bool ShowCodeDetailsInExceptionMessages       = true                                   {manageable} {command line}
   size_t SoftMaxHeapSize                          = 2136997888                             {manageable} {ergonomic}
     intx TieredStopAtLevel                        = 1                                         {product} {command line}
     bool UseCompressedClassPointers               = true                           {product lp64_product} {ergonomic}
     bool UseCompressedOops                        = true                           {product lp64_product} {ergonomic}
     bool UseG1GC                                  = true                                      {product} {ergonomic}
     bool UseLargePagesIndividualAllocation        = false                                  {pd product} {ergonomic}

Logging:
Log output configuration:
 #0: stdout all=warning uptime,level,tags
 #1: stderr all=off uptime,level,tags

Environment Variables:
JAVA_HOME=C:\Program Files\Java\jdk-11.0.14
PATH=C:/spring-tool-suite-4-4.14.1/contents/sts-4.14.1.RELEASE//plugins/org.eclipse.justj.openjdk.hotspot.jre.full.win32.x86_64_17.0.2.v20220201-1208/jre/bin/server;C:/spring-tool-suite-4-4.14.1/contents/sts-4.14.1.RELEASE//plugins/org.eclipse.justj.openjdk.hotspot.jre.full.win32.x86_64_17.0.2.v20220201-1208/jre/bin;C:\Program Files\Common Files\Oracle\Java\javapath;C:\Program Files (x86)\Common Files\Oracle\Java\javapath;C:\Windows\system32;C:\Windows;C:\Windows\System32\Wbem;C:\Windows\System32\WindowsPowerShell\v1.0\;C:\Windows\System32\OpenSSH\;C:\Program Files (x86)\NVIDIA Corporation\PhysX\Common;C:\Program Files\NVIDIA Corporation\NVIDIA NvDLISR;C:\Program Files\Git\cmd;C:\Users\danil\AppData\Local\Microsoft\WindowsApps;;C:\Program Files\JetBrains\IntelliJ IDEA Community Edition 2022.1\bin;;C:\Users\danil\AppData\Local\Programs\Microsoft VS Code\bin;C:\Program Files\heroku\bin;C:\spring-tool-suite-4-4.14.1\contents\sts-4.14.1.RELEASE;
USERNAME=danilo
OS=Windows_NT
PROCESSOR_IDENTIFIER=Intel64 Family 6 Model 42 Stepping 7, GenuineIntel



---------------  S Y S T E M  ---------------

OS:
 Windows 10 , 64 bit Build 19041 (10.0.19041.1889)
OS uptime: 0 days 7:21 hours
Hyper-V role detected

CPU: total 4 (initial active 4) (4 cores per cpu, 1 threads per core) family 6 model 42 stepping 7 microcode 0x2f, cx8, cmov, fxsr, mmx, sse, sse2, sse3, ssse3, sse4.1, sse4.2, popcnt, tsc, tscinvbit, avx, aes, clmul, vzeroupper, clflush, hv

Memory: 4k page, system-wide physical 8150M (613M free)
TotalPageFile size 10198M (AvailPageFile size 5M)
current process WorkingSet (physical memory assigned to process): 220M, peak: 220M
current process commit charge ("private bytes"): 297M, peak: 298M

vm_info: OpenJDK 64-Bit Server VM (17.0.2+8) for windows-amd64 JRE (17.0.2+8), built on Jan 20 2022 04:52:34 by "" with MS VC++ 16.7 (VS2019)

END.
